<?xml version="1.0" encoding="UTF-8"?>
<testng-results skipped="0" failed="0" total="2" passed="2">
  <reporter-output>
  </reporter-output>
  <suite name="Default suite" duration-ms="835" started-at="2017-12-11T11:08:57Z" finished-at="2017-12-11T11:08:58Z">
    <groups>
    </groups>
    <test name="Default test" duration-ms="835" started-at="2017-12-11T11:08:57Z" finished-at="2017-12-11T11:08:58Z">
      <class name="TestReport.Report.Report1">
        <test-method status="PASS" signature="clas1()[pri:0, instance:TestReport.Report.Report1@58651fd0]" name="clas1" duration-ms="676" started-at="2017-12-11T16:38:57Z" finished-at="2017-12-11T16:38:58Z">
          <reporter-output>
          </reporter-output>
        </test-method> <!-- clas1 -->
        <test-method status="PASS" signature="clas3()[pri:0, instance:TestReport.Report.Report1@58651fd0]" name="clas3" duration-ms="117" started-at="2017-12-11T16:38:58Z" finished-at="2017-12-11T16:38:58Z">
          <reporter-output>
          </reporter-output>
        </test-method> <!-- clas3 -->
      </class> <!-- TestReport.Report.Report1 -->
    </test> <!-- Default test -->
  </suite> <!-- Default suite -->
</testng-results>
